Mp3Player/build-Mp3Player-Android_for_armeabi_v7a_GCC_4_9_Qt_5_8_0_for_Android_armv7_b3d78d-Debug/android-build/build/outputs/logs/manifest-merger-debug-report.txt
-- Merging decision tree log ---
manifest
ADDED from AndroidManifest.xml:2:1
	package
		ADDED from AndroidManifest.xml:2:11
	android:versionName
		ADDED from AndroidManifest.xml:2:102
	android:versionCode
		ADDED from AndroidManifest.xml:2:128
		INJECTED from AndroidManifest.xml:0:0
		INJECTED from AndroidManifest.xml:0:0
	xmlns:android
		ADDED from AndroidManifest.xml:2:43
	android:installLocation
		ADDED from AndroidManifest.xml:2:152
application
ADDED from AndroidManifest.xml:3:5
	android:label
		ADDED from AndroidManifest.xml:3:117
	android:hardwareAccelerated
		ADDED from AndroidManifest.xml:3:18
	android:name
		ADDED from AndroidManifest.xml:3:53
activity#org.qtproject.qt5.android.bindings.QtActivity
ADDED from AndroidManifest.xml:4:9
	android:screenOrientation
		ADDED from AndroidManifest.xml:4:260
	android:label
		ADDED from AndroidManifest.xml:4:234
	android:launchMode
		ADDED from AndroidManifest.xml:4:300
	android:configChanges
		ADDED from AndroidManifest.xml:4:19
	android:name
		ADDED from AndroidManifest.xml:4:173
intent-filter#android.intent.action.MAIN+android.intent.category.LAUNCHER
ADDED from AndroidManifest.xml:5:13
action#android.intent.action.MAIN
ADDED from AndroidManifest.xml:6:17
	android:name
		ADDED from AndroidManifest.xml:6:25
category#android.intent.category.LAUNCHER
ADDED from AndroidManifest.xml:7:17
	android:name
		ADDED from AndroidManifest.xml:7:27
meta-data#android.app.lib_name
ADDED from AndroidManifest.xml:14:13
	android:value
		ADDED from AndroidManifest.xml:14:60
	android:name
		ADDED from AndroidManifest.xml:14:24
meta-data#android.app.qt_sources_resource_id
ADDED from AndroidManifest.xml:15:13
	android:resource
		ADDED from AndroidManifest.xml:15:74
	android:name
		ADDED from AndroidManifest.xml:15:24
meta-data#android.app.repository
ADDED from AndroidManifest.xml:16:13
	android:value
		ADDED from AndroidManifest.xml:16:62
	android:name
		ADDED from AndroidManifest.xml:16:24
meta-data#android.app.qt_libs_resource_id
ADDED from AndroidManifest.xml:17:13
	android:resource
		ADDED from AndroidManifest.xml:17:71
	android:name
		ADDED from AndroidManifest.xml:17:24
meta-data#android.app.bundled_libs_resource_id
ADDED from AndroidManifest.xml:18:13
	android:resource
		ADDED from AndroidManifest.xml:18:76
	android:name
		ADDED from AndroidManifest.xml:18:24
meta-data#android.app.bundle_local_qt_libs
ADDED from AndroidManifest.xml:20:13
	android:value
		ADDED from AndroidManifest.xml:20:72
	android:name
		ADDED from AndroidManifest.xml:20:24
meta-data#android.app.bundled_in_lib_resource_id
ADDED from AndroidManifest.xml:21:13
	android:resource
		ADDED from AndroidManifest.xml:21:78
	android:name
		ADDED from AndroidManifest.xml:21:24
meta-data#android.app.bundled_in_assets_resource_id
ADDED from AndroidManifest.xml:22:13
	android:resource
		ADDED from AndroidManifest.xml:22:81
	android:name
		ADDED from AndroidManifest.xml:22:24
meta-data#android.app.use_local_qt_libs
ADDED from AndroidManifest.xml:24:13
	android:value
		ADDED from AndroidManifest.xml:24:69
	android:name
		ADDED from AndroidManifest.xml:24:24
meta-data#android.app.libs_prefix
ADDED from AndroidManifest.xml:25:13
	android:value
		ADDED from AndroidManifest.xml:25:63
	android:name
		ADDED from AndroidManifest.xml:25:24
meta-data#android.app.load_local_libs
ADDED from AndroidManifest.xml:26:13
	android:value
		ADDED from AndroidManifest.xml:26:67
	android:name
		ADDED from AndroidManifest.xml:26:24
meta-data#android.app.load_local_jars
ADDED from AndroidManifest.xml:27:13
	android:value
		ADDED from AndroidManifest.xml:27:67
	android:name
		ADDED from AndroidManifest.xml:27:24
meta-data#android.app.static_init_classes
ADDED from AndroidManifest.xml:28:13
	android:value
		ADDED from AndroidManifest.xml:28:71
	android:name
		ADDED from AndroidManifest.xml:28:24
meta-data#android.app.ministro_not_found_msg
ADDED from AndroidManifest.xml:30:13
	android:value
		ADDED from AndroidManifest.xml:30:24
	android:name
		ADDED from AndroidManifest.xml:30:71
meta-data#android.app.ministro_needed_msg
ADDED from AndroidManifest.xml:31:13
	android:value
		ADDED from AndroidManifest.xml:31:24
	android:name
		ADDED from AndroidManifest.xml:31:68
meta-data#android.app.fatal_error_msg
ADDED from AndroidManifest.xml:32:13
	android:value
		ADDED from AndroidManifest.xml:32:24
	android:name
		ADDED from AndroidManifest.xml:32:64
meta-data#android.app.background_running
ADDED from AndroidManifest.xml:45:13
	android:value
		ADDED from AndroidManifest.xml:45:70
	android:name
		ADDED from AndroidManifest.xml:45:24
meta-data#android.app.auto_screen_scale_factor
ADDED from AndroidManifest.xml:49:13
	android:value
		ADDED from AndroidManifest.xml:49:76
	android:name
		ADDED from AndroidManifest.xml:49:24
meta-data#android.app.extract_android_style
ADDED from AndroidManifest.xml:58:13
	android:value
		ADDED from AndroidManifest.xml:58:73
	android:name
		ADDED from AndroidManifest.xml:58:24
uses-sdk
ADDED from AndroidManifest.xml:66:5
	android:targetSdkVersion
		ADDED from AndroidManifest.xml:66:42
	android:minSdkVersion
		ADDED from AndroidManifest.xml:66:15
supports-screens
ADDED from AndroidManifest.xml:67:5
	android:largeScreens
		ADDED from AndroidManifest.xml:67:23
	android:smallScreens
		ADDED from AndroidManifest.xml:67:106
	android:normalScreens
		ADDED from AndroidManifest.xml:67:51
	android:anyDensity
		ADDED from AndroidManifest.xml:67:80
uses-permission#android.permission.INTERNET
ADDED from AndroidManifest.xml:71:9
	android:name
		ADDED from AndroidManifest.xml:71:26
uses-permission#android.permission.WRITE_EXTERNAL_STORAGE
ADDED from AndroidManifest.xml:72:5
	android:name
		ADDED from AndroidManifest.xml:72:22
uses-permission#android.permission.ACCESS_NETWORK_STATE
ADDED from AndroidManifest.xml:73:5
	android:name
		ADDED from AndroidManifest.xml:73:22
uses-permission#android.permission.BLUETOOTH
ADDED from AndroidManifest.xml:74:5
	android:name
		ADDED from AndroidManifest.xml:74:22
uses-permission#android.permission.BLUETOOTH_ADMIN
ADDED from AndroidManifest.xml:75:5
	android:name
		ADDED from AndroidManifest.xml:75:22
uses-permission#android.permission.ACCESS_COARSE_LOCATION
ADDED from AndroidManifest.xml:76:5
	android:name
		ADDED from AndroidManifest.xml:76:22
uses-permission#android.permission.CAMERA
ADDED from AndroidManifest.xml:77:5
	android:name
		ADDED from AndroidManifest.xml:77:22
uses-permission#android.permission.RECORD_AUDIO
ADDED from AndroidManifest.xml:78:5
	android:name
		ADDED from AndroidManifest.xml:78:22
uses-feature#android.hardware.camera
ADDED from AndroidManifest.xml:83:9
	android:required
		ADDED from AndroidManifest.xml:83:62
	android:name
		ADDED from AndroidManifest.xml:83:23
uses-feature#android.hardware.camera.autofocus
ADDED from AndroidManifest.xml:84:5
	android:required
		ADDED from AndroidManifest.xml:84:68
	android:name
		ADDED from AndroidManifest.xml:84:19
uses-feature#android.hardware.microphone
ADDED from AndroidManifest.xml:85:5
	android:required
		ADDED from AndroidManifest.xml:85:62
	android:name
		ADDED from AndroidManifest.xml:85:19
uses-permission#android.permission.MODIFY_AUDIO_SETTINGS
ADDED from AndroidManifest.xml:88:1
	android:name
		ADDED from AndroidManifest.xml:88:18